Binarni vyhledavaci strom
=========================
[TEST01]
Test inicializace....
Operace InitList() nebyla implementovana 
[TEST02]
Zkusime zrusit strom
~~~~~~~~~~~~~~~~~~~~
Operace BSTDispose() nebyla implementovana 
[TEST03]
Pokusime se vyhledat polozku s klicem 'A' -- nenalezne se
~~~~~~~~~~~~~~~~~~~~~~~~~~~~~~~~~~~~~~~~~~~~~~~~~~~~~~~~~
Operace BSTSearch() nebyla implementovana 
[TEST04]
Vlozime prvni prvek (H,1)
Operace BSTInsert() nebyla implementovana 
[TEST05]
Pokusime se vyhledat polozku s klicem H
~~~~~~~~~~~~~~~~~~~~~~~~~~~~~~~~~~~~~~~
Operace BSTSearch() nebyla implementovana 
[TEST06]
Vlozime prvek (H,8) - pouze zmena hodnoty
~~~~~~~~~~~~~~~~~~~~~~~~~~~~~~~~~~~~~~~~~
Operace BSTInsert() nebyla implementovana 
[TEST07]
Vlozime dalsi prvky a vytvorime tak symetricky binarni strom 
~~~~~~~~~~~~~~~~~~~~~~~~~~~~~~~~~~~~~~~~~~~~~~~~~~~~~~~~~~~~ 
Struktura binarniho stromu:

strom je prazdny

=================================================
[TEST08]
Pokusime se vyhledat polozky s klici 'A', 'B'
~~~~~~~~~~~~~~~~~~~~~~~~~~~~~~~~~~~~~~~~~~~~~
Operace BSTSearch() nebyla implementovana 
Operace BSTSearch() nebyla implementovana 
[TEST09]
Pokusime se vyhledat polozky s klici 'X', 'Y'
~~~~~~~~~~~~~~~~~~~~~~~~~~~~~~~~~~~~~~~~~~~~~
Operace BSTSearch() nebyla implementovana 
Operace BSTSearch() nebyla implementovana 
[TEST10]
Pridame vhodne jeste dalsi prvky 
~~~~~~~~~~~~~~~~~~~~~~~~~~~~~~~~ 
Struktura binarniho stromu:

strom je prazdny

=================================================
[TEST11]
Zrusime listovy uzel (A,1)
~~~~~~~~~~~~~~~~~~~~~~~~~~
Operace BSTDelete() nebyla implementovana 
[TEST12]
Zrusime uzel, ktery ma jen levy podstrom (R,10)
~~~~~~~~~~~~~~~~~~~~~~~~~~~~~~~~~~~~~~~~~~~~~~~
Operace BSTDelete() nebyla implementovana 
[TEST13]
Zrusime uzel, ktery ma jen pravy podstrom (X,10)
~~~~~~~~~~~~~~~~~~~~~~~~~~~~~~~~~~~~~~~~~~~~~~~ 
Operace BSTDelete() nebyla implementovana 
[TEST14]
Zrusime uzel, ktery ma oba podstromy (L,12)
~~~~~~~~~~~~~~~~~~~~~~~~~~~~~~~~~~~~~~~~~~~
Operace BSTDelete() nebyla implementovana 
[TEST15]
Pokusime se zrusit uzel, ktery neexistuje (U,?)
~~~~~~~~~~~~~~~~~~~~~~~~~~~~~~~~~~~~~~~~~~~~~~~
Operace BSTDelete() nebyla implementovana 
[TEST16]
Zrusime korenovy uzel (H,8)
~~~~~~~~~~~~~~~~~~~~~~~~~~~
Operace BSTDelete() nebyla implementovana 
[TEST17]
Zrusime dalsi uzel (K,11)
~~~~~~~~~~~~~~~~~~~~~~~~~
Operace BSTDelete() nebyla implementovana 
[TEST18]
Zrusime dalsi  uzel (D,4)
~~~~~~~~~~~~~~~~~~~~~~~~~
Operace BSTDelete() nebyla implementovana 
[TEST19]
Zrusime dalsi uzel (S,10)
~~~~~~~~~~~~~~~~~~~~~~~~~
Operace BSTDelete() nebyla implementovana 
[TEST20]
Nakonec zrusime cely strom
~~~~~~~~~~~~~~~~~~~~~~~~~~
Operace BSTDispose() nebyla implementovana 
------------------------------ konec -------------------------------------
