Nerekurzivni operace nad binarnim stromem
=========================================
[TEST01]
Test inicializace....
Operace InitList() nebyla implementovana 
[TEST02]
Zkusime zrusit strom
~~~~~~~~~~~~~~~~~~~~
Operace BTDispose() nebyla implementovana 
[TEST03]
Provedeme pruchod Pre-order, In-order a Post-order na prazdny strom
~~~~~~~~~~~~~~~~~~~~~~~~~~~~~~~~~~~~~~~~~~~~~~~~~~~~~~~~~~~~~~~~~~~
Vypis Preorder:
===============

Operace BTPreorder() nebyla implementovana 
Vypis Postorder:
================

Operace BTPostorder() nebyla implementovana 
Vypis Inorder:
==============

Operace BTInorder() nebyla implementovana 
[TEST04]
Vlozime prvek s hodnotou 8
~~~~~~~~~~~~~~~~~~~~~~~~~~
Operace BTInsert() nebyla implementovana 
Struktura binarniho stromu:

strom je prazdny

=================================================
[TEST05]
Provedeme pruchod Pre-order, In-order a Post-order na prazdny strom
~~~~~~~~~~~~~~~~~~~~~~~~~~~~~~~~~~~~~~~~~~~~~~~~~~~~~~~~~~~~~~~~~~~
Vypis Preorder:
===============

Operace BTPreorder() nebyla implementovana 
Vypis Postorder:
================

Operace BTPostorder() nebyla implementovana 
Vypis Inorder:
==============

Operace BTInorder() nebyla implementovana 
[TEST06]
Zkusime zrusit strom
~~~~~~~~~~~~~~~~~~~~
Operace BTDispose() nebyla implementovana 
[TEST07]
Vlozime prvek s hodnotou 8
~~~~~~~~~~~~~~~~~~~~~~~~~~
Operace BTInsert() nebyla implementovana 
Struktura binarniho stromu:

strom je prazdny

=================================================
[TEST08]
Vlozeni dalsich prvku
~~~~~~~~~~~~~~~~~~~~~
Vlozime prvek 4
Operace BTInsert() nebyla implementovana 
Vlozime prvek 12
Operace BTInsert() nebyla implementovana 
Struktura binarniho stromu:

strom je prazdny

=================================================
[TEST09]
Provedeme pruchod Pre-order, In-order a Post-order na prazdny strom
~~~~~~~~~~~~~~~~~~~~~~~~~~~~~~~~~~~~~~~~~~~~~~~~~~~~~~~~~~~~~~~~~~~
Vypis Preorder:
===============

Operace BTPreorder() nebyla implementovana 
Vypis Postorder:
================

Operace BTPostorder() nebyla implementovana 
Vypis Inorder:
==============

Operace BTInorder() nebyla implementovana 
[TEST10]
Pokus o opetovne vlozeni prvku 8 (nesmi dojit ke zmene stromu) 
~~~~~~~~~~~~~~~~~~~~~~~~~~~~~~~~~~~~~~~~~~~~~~~~~~~~~~~~~~~~~~ 
Operace BTInsert() nebyla implementovana 
Struktura binarniho stromu:

strom je prazdny

=================================================
[TEST11]
Pokus o opetovne vlozeni prvku 12 (nesmi dojit ke zmene stromu) 
~~~~~~~~~~~~~~~~~~~~~~~~~~~~~~~~~~~~~~~~~~~~~~~~~~~~~~~~~~~~~~~ 
Operace BTInsert() nebyla implementovana 
Struktura binarniho stromu:

strom je prazdny

=================================================
[TEST12]
Provedeme pruchod Pre-order, In-order a Post-order 
~~~~~~~~~~~~~~~~~~~~~~~~~~~~~~~~~~~~~~~~~~~~~~~~~~ 
Vypis Preorder:
===============

Operace BTPreorder() nebyla implementovana 
Vypis Inorder:
==============

Operace BTInorder() nebyla implementovana 
Vypis Postorder:
================

Operace BTPostorder() nebyla implementovana 
[TEST13]
Vlozeni dalsich prvku ve vhodnem poradi
~~~~~~~~~~~~~~~~~~~~~~~~~~~~~~~~~~~~~~~
Vlozime prvek 2
Operace BTInsert() nebyla implementovana 
Vlozime prvek 6
Operace BTInsert() nebyla implementovana 
Vlozime prvek 10
Operace BTInsert() nebyla implementovana 
Vlozime prvek 14
Operace BTInsert() nebyla implementovana 
Vlozime prvek 1
Operace BTInsert() nebyla implementovana 
Vlozime prvek 3
Operace BTInsert() nebyla implementovana 
Vlozime prvek 5
Operace BTInsert() nebyla implementovana 
Vlozime prvek 7
Operace BTInsert() nebyla implementovana 
Vlozime prvek 9
Operace BTInsert() nebyla implementovana 
Vlozime prvek 11
Operace BTInsert() nebyla implementovana 
Vlozime prvek 13
Operace BTInsert() nebyla implementovana 
Vlozime prvek 15
Operace BTInsert() nebyla implementovana 
Struktura binarniho stromu:

strom je prazdny

=================================================
[TEST14]
Provedeme pruchod Pre-order, In-order a Post-order 
~~~~~~~~~~~~~~~~~~~~~~~~~~~~~~~~~~~~~~~~~~~~~~~~~~ 
Vypis Preorder:
===============

Operace BTPreorder() nebyla implementovana 
Vypis Inorder:
==============

Operace BTInorder() nebyla implementovana 
Vypis Postorder:
================

Operace BTPostorder() nebyla implementovana 
[TEST15]
Zrusime cely strom
~~~~~~~~~~~~~~~~~~
Operace BTDispose() nebyla implementovana 
[TEST16]
Provedeme pruchod Pre-order, In-order a Post-order 
~~~~~~~~~~~~~~~~~~~~~~~~~~~~~~~~~~~~~~~~~~~~~~~~~~ 
Vypis Preorder:
===============

Operace BTPreorder() nebyla implementovana 
Vypis Inorder:
==============

Operace BTInorder() nebyla implementovana 
Vypis Postorder:
================

Operace BTPostorder() nebyla implementovana 
[TEST17]
Nyni si vytvorime jiny strom.
~~~~~~~~~~~~~~~~~~~~~~~~~~~~~
Vlozime prvek 10
Operace BTInsert() nebyla implementovana 
Vlozime prvek 8
Operace BTInsert() nebyla implementovana 
Vlozime prvek 12
Operace BTInsert() nebyla implementovana 
Vlozime prvek 14
Operace BTInsert() nebyla implementovana 
Vlozime prvek 1
Operace BTInsert() nebyla implementovana 
Vlozime prvek 2
Operace BTInsert() nebyla implementovana 
Vlozime prvek 3
Operace BTInsert() nebyla implementovana 
Vlozime prvek 4
Operace BTInsert() nebyla implementovana 
Vlozime prvek 5
Operace BTInsert() nebyla implementovana 
Vlozime prvek 6
Operace BTInsert() nebyla implementovana 
Vlozime prvek 13
Operace BTInsert() nebyla implementovana 
Vlozime prvek 15
Operace BTInsert() nebyla implementovana 
Vlozime prvek 7
Operace BTInsert() nebyla implementovana 
Vlozime prvek 9
Operace BTInsert() nebyla implementovana 
Vlozime prvek 11
Operace BTInsert() nebyla implementovana 
Struktura binarniho stromu:

strom je prazdny

=================================================
[TEST18]
Provedeme pruchod Pre-order, In-order a Post-order 
~~~~~~~~~~~~~~~~~~~~~~~~~~~~~~~~~~~~~~~~~~~~~~~~~~ 
Vypis Preorder:
===============

Operace BTPreorder() nebyla implementovana 
Vypis Inorder:
==============

Operace BTInorder() nebyla implementovana 
Vypis Postorder:
================

Operace BTPostorder() nebyla implementovana 
[TEST19]
Pokus o opetovne vlozeni prvku 9 (nesmi dojit ke zmene stromu) 
~~~~~~~~~~~~~~~~~~~~~~~~~~~~~~~~~~~~~~~~~~~~~~~~~~~~~~~~~~~~~~ 
Operace BTInsert() nebyla implementovana 
Struktura binarniho stromu:

strom je prazdny

=================================================
[TEST20]
Zrusime cely strom
~~~~~~~~~~~~~~~~~~
Operace BTDispose() nebyla implementovana 
------------------------------ konec -------------------------------------
