Hash Table - testing script
---------------------------

Let's set HTSIZE to 19 ( must be prvocislo )
------------HASH TABLE--------------
0: (*UNDEF*,-1.00)
1: (*UNDEF*,-1.00)
2: (*UNDEF*,-1.00)
3: (*UNDEF*,-1.00)
4: (*UNDEF*,-1.00)
5: (*UNDEF*,-1.00)
6: (*UNDEF*,-1.00)
7: (*UNDEF*,-1.00)
8: (*UNDEF*,-1.00)
9: (*UNDEF*,-1.00)
10: (*UNDEF*,-1.00)
11: (*UNDEF*,-1.00)
12: (*UNDEF*,-1.00)
13: (*UNDEF*,-1.00)
14: (*UNDEF*,-1.00)
15: (*UNDEF*,-1.00)
16: (*UNDEF*,-1.00)
17: (*UNDEF*,-1.00)
18: (*UNDEF*,-1.00)
------------------------------------
Items count 0   The longest list 0
------------------------------------

[TEST01] Table initialization
[W] Funkce HTInit nebyla implementovana...
------------HASH TABLE--------------
0: (*UNDEF*,-1.00)
1: (*UNDEF*,-1.00)
2: (*UNDEF*,-1.00)
3: (*UNDEF*,-1.00)
4: (*UNDEF*,-1.00)
5: (*UNDEF*,-1.00)
6: (*UNDEF*,-1.00)
7: (*UNDEF*,-1.00)
8: (*UNDEF*,-1.00)
9: (*UNDEF*,-1.00)
10: (*UNDEF*,-1.00)
11: (*UNDEF*,-1.00)
12: (*UNDEF*,-1.00)
13: (*UNDEF*,-1.00)
14: (*UNDEF*,-1.00)
15: (*UNDEF*,-1.00)
16: (*UNDEF*,-1.00)
17: (*UNDEF*,-1.00)
18: (*UNDEF*,-1.00)
------------------------------------
Items count 0   The longest list 0
------------------------------------

[TEST02] Let's try htInsert()
[W] Funkce HTInsert nebyla implementovana...
------------HASH TABLE--------------
0: (*UNDEF*,-1.00)
1: (*UNDEF*,-1.00)
2: (*UNDEF*,-1.00)
3: (*UNDEF*,-1.00)
4: (*UNDEF*,-1.00)
5: (*UNDEF*,-1.00)
6: (*UNDEF*,-1.00)
7: (*UNDEF*,-1.00)
8: (*UNDEF*,-1.00)
9: (*UNDEF*,-1.00)
10: (*UNDEF*,-1.00)
11: (*UNDEF*,-1.00)
12: (*UNDEF*,-1.00)
13: (*UNDEF*,-1.00)
14: (*UNDEF*,-1.00)
15: (*UNDEF*,-1.00)
16: (*UNDEF*,-1.00)
17: (*UNDEF*,-1.00)
18: (*UNDEF*,-1.00)
------------------------------------
Items count 0   The longest list 0
------------------------------------

[TEST03] Search for existing item
[W] Funkce HTSearch nebyla implementovana...

[TEST04] Let's insert next items
[W] Funkce HTInsert nebyla implementovana...
[W] Funkce HTInsert nebyla implementovana...
[W] Funkce HTInsert nebyla implementovana...
[W] Funkce HTInsert nebyla implementovana...
[W] Funkce HTInsert nebyla implementovana...
[W] Funkce HTInsert nebyla implementovana...
[W] Funkce HTInsert nebyla implementovana...
[W] Funkce HTInsert nebyla implementovana...
------------HASH TABLE--------------
0: (*UNDEF*,-1.00)
1: (*UNDEF*,-1.00)
2: (*UNDEF*,-1.00)
3: (*UNDEF*,-1.00)
4: (*UNDEF*,-1.00)
5: (*UNDEF*,-1.00)
6: (*UNDEF*,-1.00)
7: (*UNDEF*,-1.00)
8: (*UNDEF*,-1.00)
9: (*UNDEF*,-1.00)
10: (*UNDEF*,-1.00)
11: (*UNDEF*,-1.00)
12: (*UNDEF*,-1.00)
13: (*UNDEF*,-1.00)
14: (*UNDEF*,-1.00)
15: (*UNDEF*,-1.00)
16: (*UNDEF*,-1.00)
17: (*UNDEF*,-1.00)
18: (*UNDEF*,-1.00)
------------------------------------
Items count 0   The longest list 0
------------------------------------

[TEST05] htSearch for "starobrno"
[W] Funkce HTSearch nebyla implementovana...
------------HASH TABLE--------------
0: (*UNDEF*,-1.00)
1: (*UNDEF*,-1.00)
2: (*UNDEF*,-1.00)
3: (*UNDEF*,-1.00)
4: (*UNDEF*,-1.00)
5: (*UNDEF*,-1.00)
6: (*UNDEF*,-1.00)
7: (*UNDEF*,-1.00)
8: (*UNDEF*,-1.00)
9: (*UNDEF*,-1.00)
10: (*UNDEF*,-1.00)
11: (*UNDEF*,-1.00)
12: (*UNDEF*,-1.00)
13: (*UNDEF*,-1.00)
14: (*UNDEF*,-1.00)
15: (*UNDEF*,-1.00)
16: (*UNDEF*,-1.00)
17: (*UNDEF*,-1.00)
18: (*UNDEF*,-1.00)
------------------------------------
Items count 0   The longest list 0
------------------------------------

[TEST06] Let's change korgon price to 12.50
[W] Funkce HTInsert nebyla implementovana...
[W] Funkce HTSearch nebyla implementovana...
------------HASH TABLE--------------
0: (*UNDEF*,-1.00)
1: (*UNDEF*,-1.00)
2: (*UNDEF*,-1.00)
3: (*UNDEF*,-1.00)
4: (*UNDEF*,-1.00)
5: (*UNDEF*,-1.00)
6: (*UNDEF*,-1.00)
7: (*UNDEF*,-1.00)
8: (*UNDEF*,-1.00)
9: (*UNDEF*,-1.00)
10: (*UNDEF*,-1.00)
11: (*UNDEF*,-1.00)
12: (*UNDEF*,-1.00)
13: (*UNDEF*,-1.00)
14: (*UNDEF*,-1.00)
15: (*UNDEF*,-1.00)
16: (*UNDEF*,-1.00)
17: (*UNDEF*,-1.00)
18: (*UNDEF*,-1.00)
------------------------------------
Items count 0   The longest list 0
------------------------------------

[TEST07] Is "starobahno" in table?
[W] Funkce HTSearch nebyla implementovana...
------------HASH TABLE--------------
0: (*UNDEF*,-1.00)
1: (*UNDEF*,-1.00)
2: (*UNDEF*,-1.00)
3: (*UNDEF*,-1.00)
4: (*UNDEF*,-1.00)
5: (*UNDEF*,-1.00)
6: (*UNDEF*,-1.00)
7: (*UNDEF*,-1.00)
8: (*UNDEF*,-1.00)
9: (*UNDEF*,-1.00)
10: (*UNDEF*,-1.00)
11: (*UNDEF*,-1.00)
12: (*UNDEF*,-1.00)
13: (*UNDEF*,-1.00)
14: (*UNDEF*,-1.00)
15: (*UNDEF*,-1.00)
16: (*UNDEF*,-1.00)
17: (*UNDEF*,-1.00)
18: (*UNDEF*,-1.00)
------------------------------------
Items count 0   The longest list 0
------------------------------------

[TEST08] How much is korgon?
[W] Funkce HTRead nebyla implementovana...

[TEST09] Lets delete gambrinus and kofola
[W] Funkce HTDelete nebyla implementovana...
[W] Funkce HTDelete nebyla implementovana...
------------HASH TABLE--------------
0: (*UNDEF*,-1.00)
1: (*UNDEF*,-1.00)
2: (*UNDEF*,-1.00)
3: (*UNDEF*,-1.00)
4: (*UNDEF*,-1.00)
5: (*UNDEF*,-1.00)
6: (*UNDEF*,-1.00)
7: (*UNDEF*,-1.00)
8: (*UNDEF*,-1.00)
9: (*UNDEF*,-1.00)
10: (*UNDEF*,-1.00)
11: (*UNDEF*,-1.00)
12: (*UNDEF*,-1.00)
13: (*UNDEF*,-1.00)
14: (*UNDEF*,-1.00)
15: (*UNDEF*,-1.00)
16: (*UNDEF*,-1.00)
17: (*UNDEF*,-1.00)
18: (*UNDEF*,-1.00)
------------------------------------
Items count 0   The longest list 0
------------------------------------

[TEST10] Let's delete whole table
[W] Funkce HTClearAll nebyla implementovana...
------------HASH TABLE--------------
0: (*UNDEF*,-1.00)
1: (*UNDEF*,-1.00)
2: (*UNDEF*,-1.00)
3: (*UNDEF*,-1.00)
4: (*UNDEF*,-1.00)
5: (*UNDEF*,-1.00)
6: (*UNDEF*,-1.00)
7: (*UNDEF*,-1.00)
8: (*UNDEF*,-1.00)
9: (*UNDEF*,-1.00)
10: (*UNDEF*,-1.00)
11: (*UNDEF*,-1.00)
12: (*UNDEF*,-1.00)
13: (*UNDEF*,-1.00)
14: (*UNDEF*,-1.00)
15: (*UNDEF*,-1.00)
16: (*UNDEF*,-1.00)
17: (*UNDEF*,-1.00)
18: (*UNDEF*,-1.00)
------------------------------------
Items count 0   The longest list 0
------------------------------------

[TEST11] And search for non-existing velvet
[W] Funkce HTSearch nebyla implementovana...
------------HASH TABLE--------------
0: (*UNDEF*,-1.00)
1: (*UNDEF*,-1.00)
2: (*UNDEF*,-1.00)
3: (*UNDEF*,-1.00)
4: (*UNDEF*,-1.00)
5: (*UNDEF*,-1.00)
6: (*UNDEF*,-1.00)
7: (*UNDEF*,-1.00)
8: (*UNDEF*,-1.00)
9: (*UNDEF*,-1.00)
10: (*UNDEF*,-1.00)
11: (*UNDEF*,-1.00)
12: (*UNDEF*,-1.00)
13: (*UNDEF*,-1.00)
14: (*UNDEF*,-1.00)
15: (*UNDEF*,-1.00)
16: (*UNDEF*,-1.00)
17: (*UNDEF*,-1.00)
18: (*UNDEF*,-1.00)
------------------------------------
Items count 0   The longest list 0
------------------------------------

[TEST12] And insert velvet again
[W] Funkce HTInsert nebyla implementovana...
------------HASH TABLE--------------
0: (*UNDEF*,-1.00)
1: (*UNDEF*,-1.00)
2: (*UNDEF*,-1.00)
3: (*UNDEF*,-1.00)
4: (*UNDEF*,-1.00)
5: (*UNDEF*,-1.00)
6: (*UNDEF*,-1.00)
7: (*UNDEF*,-1.00)
8: (*UNDEF*,-1.00)
9: (*UNDEF*,-1.00)
10: (*UNDEF*,-1.00)
11: (*UNDEF*,-1.00)
12: (*UNDEF*,-1.00)
13: (*UNDEF*,-1.00)
14: (*UNDEF*,-1.00)
15: (*UNDEF*,-1.00)
16: (*UNDEF*,-1.00)
17: (*UNDEF*,-1.00)
18: (*UNDEF*,-1.00)
------------------------------------
Items count 0   The longest list 0
------------------------------------
[W] Funkce HTDelete nebyla implementovana...
